Using pre-set license
Built from '2020.2/release' branch; Version is '2020.2.1f1 (270dd8c3da1c) revision 2559448'; Using compiler version '192528614'; Build Type 'Release'
OS: 'Windows 10  (10.0.0) 64bit' Language: 'en' Physical Memory: 11976 MB
BatchMode: 1, IsHumanControllingUs: 0, StartBugReporterOnCrash: 0, Is64bit: 1, IsPro: 0

 COMMAND LINE ARGUMENTS:
C:\Program Files\Unity\Hub\Editor\2020.2.1f1\Editor\Unity.exe
-adb2
-batchMode
-noUpm
-name
AssetImportWorker0
-projectPath
C:/Users/jrcro/UnityProjects/Unity-2D-Pinball
-logFile
Logs/AssetImportWorker0.log
-srvPort
54483
Successfully changed project path to: C:/Users/jrcro/UnityProjects/Unity-2D-Pinball
C:/Users/jrcro/UnityProjects/Unity-2D-Pinball
Using Asset Import Pipeline V2.
Refreshing native plugins compatible for Editor in 44.39 ms, found 1 plugins.
Preloading 0 native plugins for Editor in 0.00 ms.
Initialize engine version: 2020.2.1f1 (270dd8c3da1c)
[Subsystems] Discovering subsystems at path C:/Program Files/Unity/Hub/Editor/2020.2.1f1/Editor/Data/Resources/UnitySubsystems
[Subsystems] Discovering subsystems at path C:/Users/jrcro/UnityProjects/Unity-2D-Pinball/Assets
GfxDevice: creating device client; threaded=0
Direct3D:
    Version:  Direct3D 11.0 [level 11.1]
    Renderer: Intel(R) UHD Graphics (ID=0x8a56)
    Vendor:   
    VRAM:     5988 MB
    Driver:   27.20.100.8681
Initialize mono
Mono path[0] = 'C:/Program Files/Unity/Hub/Editor/2020.2.1f1/Editor/Data/Managed'
Mono path[1] = 'C:/Program Files/Unity/Hub/Editor/2020.2.1f1/Editor/Data/MonoBleedingEdge/lib/mono/unityjit'
Mono config path = 'C:/Program Files/Unity/Hub/Editor/2020.2.1f1/Editor/Data/MonoBleedingEdge/etc'
Using monoOptions --debugger-agent=transport=dt_socket,embedding=1,server=y,suspend=n,address=127.0.0.1:56668
Begin MonoManager ReloadAssembly
Registering precompiled unity dll's ...
Register platform support module: C:/Program Files/Unity/Hub/Editor/2020.2.1f1/Editor/Data/PlaybackEngines/WindowsStandaloneSupport/UnityEditor.WindowsStandalone.Extensions.dll
Registered in 0.001360 seconds.
Native extension for WindowsStandalone target not found
Refreshing native plugins compatible for Editor in 40.26 ms, found 1 plugins.
Preloading 0 native plugins for Editor in 0.00 ms.
Invoked RoslynAnalysisRunner static constructor.
RoslynAnalysisRunner will not be running.
RoslynAnalysisRunner has terminated.
Mono: successfully reloaded assembly
- Completed reload, in  1.138 seconds
Platform modules already initialized, skipping
Registering precompiled user dll's ...
Registered in 0.001083 seconds.
Begin MonoManager ReloadAssembly
Native extension for WindowsStandalone target not found
Refreshing native plugins compatible for Editor in 41.27 ms, found 1 plugins.
Preloading 0 native plugins for Editor in 0.00 ms.
Invoked RoslynAnalysisRunner static constructor.
RoslynAnalysisRunner will not be running.
RoslynAnalysisRunner has terminated.
Mono: successfully reloaded assembly
- Completed reload, in  0.995 seconds
Platform modules already initialized, skipping
========================================================================
Worker process is ready to serve import requests
Launched and connected shader compiler UnityShaderCompiler.exe after 0.04 seconds
Refreshing native plugins compatible for Editor in 0.35 ms, found 1 plugins.
Preloading 0 native plugins for Editor in 0.00 ms.
Unloading 2113 Unused Serialized files (Serialized files now loaded: 0)
System memory in use before: 96.6 MB.
System memory in use after: 96.6 MB.

Unloading 26 unused Assets to reduce memory usage. Loaded Objects now: 2555.
Total: 3.098200 ms (FindLiveObjects: 0.260600 ms CreateObjectMapping: 0.150300 ms MarkObjects: 2.510700 ms  DeleteObjects: 0.174400 ms)

========================================================================
Received Import Request.
  path: Assets/FlipperHinge.cs
  artifactKey: Guid(4ae0428c37a090d4f907e0146530a8db) Importer(815301076,1909f56bfc062723c751e8b465ee728b)
Start importing Assets/FlipperHinge.cs using Guid(4ae0428c37a090d4f907e0146530a8db) Importer(815301076,1909f56bfc062723c751e8b465ee728b)  -> (artifact id: 'e4976c30169f72c0349353c2ee1ce2f3') in 0.041830 seconds
  Import took 0.048272 seconds .

========================================================================
Received Import Request.
  Time since last request: 0.000269 seconds.
  path: Assets/PinballScore.cs
  artifactKey: Guid(ea11c90ec7bffe04e8af6942a8f72d28) Importer(815301076,1909f56bfc062723c751e8b465ee728b)
Start importing Assets/PinballScore.cs using Guid(ea11c90ec7bffe04e8af6942a8f72d28) Importer(815301076,1909f56bfc062723c751e8b465ee728b)  -> (artifact id: '430b8016b7c6d1ea33977de46dcd018c') in 0.010969 seconds
  Import took 0.014975 seconds .

========================================================================
Received Import Request.
  Time since last request: 2.507423 seconds.
  path: Assets/Code/PinballObjects/ScoreObjects/Bumper.cs
  artifactKey: Guid(ad55eede819d5a64e9e609e8c3723701) Importer(815301076,1909f56bfc062723c751e8b465ee728b)
Start importing Assets/Code/PinballObjects/ScoreObjects/Bumper.cs using Guid(ad55eede819d5a64e9e609e8c3723701) Importer(815301076,1909f56bfc062723c751e8b465ee728b)  -> (artifact id: '1f4600bee3734f4a8e6d3c8416f57520') in 0.019266 seconds
  Import took 0.025238 seconds .

========================================================================
Received Import Request.
  Time since last request: 0.000708 seconds.
  path: Assets/Code/PinballObjects/ScoreObjects/Bumper.cs
  artifactKey: Guid(ad55eede819d5a64e9e609e8c3723701) Importer(815301076,1909f56bfc062723c751e8b465ee728b)
Start importing Assets/Code/PinballObjects/ScoreObjects/Bumper.cs using Guid(ad55eede819d5a64e9e609e8c3723701) Importer(815301076,1909f56bfc062723c751e8b465ee728b)  -> (artifact id: '1f4600bee3734f4a8e6d3c8416f57520') in 0.005482 seconds
  Import took 0.011661 seconds .

========================================================================
Received Prepare
Registering precompiled user dll's ...
Registered in 0.000925 seconds.
Begin MonoManager ReloadAssembly
Native extension for WindowsStandalone target not found
Refreshing native plugins compatible for Editor in 0.46 ms, found 1 plugins.
Preloading 0 native plugins for Editor in 0.00 ms.
Invoked RoslynAnalysisRunner static constructor.
RoslynAnalysisRunner will not be running.
RoslynAnalysisRunner has terminated.
Mono: successfully reloaded assembly
- Completed reload, in  0.988 seconds
Platform modules already initialized, skipping
Refreshing native plugins compatible for Editor in 0.49 ms, found 1 plugins.
Preloading 0 native plugins for Editor in 0.00 ms.
Unloading 2095 Unused Serialized files (Serialized files now loaded: 0)
System memory in use before: 95.9 MB.
System memory in use after: 95.9 MB.

Unloading 12 unused Assets to reduce memory usage. Loaded Objects now: 2558.
Total: 2.521700 ms (FindLiveObjects: 0.298500 ms CreateObjectMapping: 0.090100 ms MarkObjects: 2.035300 ms  DeleteObjects: 0.096200 ms)

========================================================================
Received Prepare
Registering precompiled user dll's ...
Registered in 0.001239 seconds.
Begin MonoManager ReloadAssembly
Native extension for WindowsStandalone target not found
Refreshing native plugins compatible for Editor in 0.36 ms, found 1 plugins.
Preloading 0 native plugins for Editor in 0.00 ms.
Invoked RoslynAnalysisRunner static constructor.
RoslynAnalysisRunner will not be running.
RoslynAnalysisRunner has terminated.
Mono: successfully reloaded assembly
- Completed reload, in  0.872 seconds
Platform modules already initialized, skipping
Refreshing native plugins compatible for Editor in 0.49 ms, found 1 plugins.
Preloading 0 native plugins for Editor in 0.00 ms.
Unloading 2095 Unused Serialized files (Serialized files now loaded: 0)
System memory in use before: 96.0 MB.
System memory in use after: 96.0 MB.

Unloading 12 unused Assets to reduce memory usage. Loaded Objects now: 2561.
Total: 2.314600 ms (FindLiveObjects: 0.342400 ms CreateObjectMapping: 0.122900 ms MarkObjects: 1.752500 ms  DeleteObjects: 0.094600 ms)

AssetImportWorkerClient::OnTransportError - code=2 error=End of file
